19:54:43.427 [main] INFO  hu.unideb.inf.darts.ManagerImpl - Kezdõ játékos beállítva
19:54:43.435 [main] INFO  hu.unideb.inf.darts.ManagerImpl - Kezdõ pontszám: 501
19:54:43.437 [main] INFO  hu.unideb.inf.darts.ManagerImpl - 1.Játékos 0-t dobott
19:54:43.438 [main] INFO  hu.unideb.inf.darts.ManagerImpl - 1.Játékos túl dobott
19:54:43.438 [main] INFO  hu.unideb.inf.darts.ManagerImpl - 2.Játékos 0-t dobott
19:54:43.438 [main] INFO  hu.unideb.inf.darts.ManagerImpl - 2.Játékos túl dobott
19:54:43.438 [main] INFO  hu.unideb.inf.darts.ManagerImpl - Új leg kezdõdött
19:54:43.439 [main] INFO  hu.unideb.inf.darts.ManagerImpl - 1.Játékos nyerte a leget
19:54:43.439 [main] INFO  hu.unideb.inf.darts.ManagerImpl - Új leg kezdõdött
19:54:43.440 [main] INFO  hu.unideb.inf.darts.ManagerImpl - 1.Játékos nyerte a leget
19:54:43.441 [main] INFO  hu.unideb.inf.darts.ManagerImpl - Új leg kezdõdött
19:54:43.441 [main] INFO  hu.unideb.inf.darts.ManagerImpl - 2.Játékos nyerte a leget
19:54:43.441 [main] INFO  hu.unideb.inf.darts.ManagerImpl - Új leg kezdõdött
19:54:43.441 [main] INFO  hu.unideb.inf.darts.ManagerImpl - 1.Játékos nyerte a leget
19:54:43.441 [main] INFO  hu.unideb.inf.darts.ManagerImpl - Végeredmények beállításra kerültek
19:54:43.442 [main] INFO  hu.unideb.inf.darts.ManagerImpl - Legek száma: 3
19:54:43.443 [main] INFO  hu.unideb.inf.darts.ManagerImpl - Kezdõ játékos beállítva
19:54:43.443 [main] INFO  hu.unideb.inf.darts.ManagerImpl - Kezdõ játékos beállítva
19:59:34.205 [main] INFO  hu.unideb.inf.darts.ManagerImpl - Kezdõ játékos beállítva
19:59:34.210 [main] INFO  hu.unideb.inf.darts.ManagerImpl - Kezdõ pontszám: 501
19:59:34.212 [main] INFO  hu.unideb.inf.darts.ManagerImpl - 1.Játékos 0-t dobott
19:59:34.212 [main] INFO  hu.unideb.inf.darts.ManagerImpl - 1.Játékos túl dobott
19:59:34.212 [main] INFO  hu.unideb.inf.darts.ManagerImpl - 2.Játékos 0-t dobott
19:59:34.212 [main] INFO  hu.unideb.inf.darts.ManagerImpl - 2.Játékos túl dobott
19:59:34.213 [main] INFO  hu.unideb.inf.darts.ManagerImpl - Új leg kezdõdött
19:59:34.213 [main] INFO  hu.unideb.inf.darts.ManagerImpl - 1.Játékos nyerte a leget
19:59:34.213 [main] INFO  hu.unideb.inf.darts.ManagerImpl - Új leg kezdõdött
19:59:34.213 [main] INFO  hu.unideb.inf.darts.ManagerImpl - 1.Játékos nyerte a leget
19:59:34.214 [main] INFO  hu.unideb.inf.darts.ManagerImpl - Új leg kezdõdött
19:59:34.214 [main] INFO  hu.unideb.inf.darts.ManagerImpl - 2.Játékos nyerte a leget
19:59:34.214 [main] INFO  hu.unideb.inf.darts.ManagerImpl - Új leg kezdõdött
19:59:34.214 [main] INFO  hu.unideb.inf.darts.ManagerImpl - 1.Játékos nyerte a leget
19:59:34.214 [main] INFO  hu.unideb.inf.darts.ManagerImpl - Végeredmények beállításra kerültek
19:59:34.215 [main] INFO  hu.unideb.inf.darts.ManagerImpl - Legek száma: 3
19:59:34.216 [main] INFO  hu.unideb.inf.darts.ManagerImpl - Kezdõ játékos beállítva
19:59:34.216 [main] INFO  hu.unideb.inf.darts.ManagerImpl - Kezdõ játékos beállítva
20:04:34.441 [main] INFO  hu.unideb.inf.darts.ManagerImpl - Kezdõ játékos beállítva
20:04:34.446 [main] INFO  hu.unideb.inf.darts.ManagerImpl - Kezdõ pontszám: 501
20:04:34.447 [main] INFO  hu.unideb.inf.darts.ManagerImpl - Kezdõ játékos beállítva
20:04:34.448 [main] INFO  hu.unideb.inf.darts.ManagerImpl - Kezdõ játékos beállítva
20:04:34.448 [main] INFO  hu.unideb.inf.darts.ManagerImpl - Legek száma: 3
20:04:34.449 [main] INFO  hu.unideb.inf.darts.ManagerImpl - 1.Játékos 0-t dobott
20:04:34.449 [main] INFO  hu.unideb.inf.darts.ManagerImpl - 1.Játékos túl dobott
20:04:34.449 [main] INFO  hu.unideb.inf.darts.ManagerImpl - 2.Játékos 0-t dobott
20:04:34.449 [main] INFO  hu.unideb.inf.darts.ManagerImpl - 2.Játékos túl dobott
20:04:34.450 [main] INFO  hu.unideb.inf.darts.ManagerImpl - Új leg kezdõdött
20:04:34.450 [main] INFO  hu.unideb.inf.darts.ManagerImpl - 1.Játékos nyerte a leget
20:04:34.450 [main] INFO  hu.unideb.inf.darts.ManagerImpl - Új leg kezdõdött
20:04:34.450 [main] INFO  hu.unideb.inf.darts.ManagerImpl - 1.Játékos nyerte a leget
20:04:34.451 [main] INFO  hu.unideb.inf.darts.ManagerImpl - 2.Játékos nyert
20:04:34.451 [main] INFO  hu.unideb.inf.darts.ManagerImpl - Végeredmények beállításra kerültek
20:19:05.765 [main] INFO  hu.unideb.inf.darts.ManagerImpl - Kezdõ játékos beállítva
20:19:05.765 [main] INFO  hu.unideb.inf.darts.ManagerImpl - Kezdõ pontszám: 501
20:19:05.765 [main] INFO  hu.unideb.inf.darts.ManagerImpl - 1.Játékos 0-t dobott
20:19:05.765 [main] INFO  hu.unideb.inf.darts.ManagerImpl - 1.Játékos túl dobott
20:19:05.765 [main] INFO  hu.unideb.inf.darts.ManagerImpl - 2.Játékos 0-t dobott
20:19:05.765 [main] INFO  hu.unideb.inf.darts.ManagerImpl - 2.Játékos túl dobott
20:19:05.765 [main] INFO  hu.unideb.inf.darts.ManagerImpl - Új leg kezdõdött
20:19:05.765 [main] INFO  hu.unideb.inf.darts.ManagerImpl - 1.Játékos nyerte a leget
20:19:05.765 [main] INFO  hu.unideb.inf.darts.ManagerImpl - Új leg kezdõdött
20:19:05.765 [main] INFO  hu.unideb.inf.darts.ManagerImpl - 1.Játékos nyerte a leget
20:19:05.765 [main] INFO  hu.unideb.inf.darts.ManagerImpl - Új leg kezdõdött
20:19:05.765 [main] INFO  hu.unideb.inf.darts.ManagerImpl - 2.Játékos nyerte a leget
20:19:05.765 [main] INFO  hu.unideb.inf.darts.ManagerImpl - Új leg kezdõdött
20:19:05.765 [main] INFO  hu.unideb.inf.darts.ManagerImpl - 1.Játékos nyerte a leget
20:19:05.765 [main] INFO  hu.unideb.inf.darts.ManagerImpl - Végeredmények beállításra kerültek
20:19:05.765 [main] INFO  hu.unideb.inf.darts.ManagerImpl - Legek száma: 3
20:19:05.765 [main] INFO  hu.unideb.inf.darts.ManagerImpl - Kezdõ játékos beállítva
20:19:05.781 [main] INFO  hu.unideb.inf.darts.ManagerImpl - Kezdõ játékos beállítva
20:24:45.189 [main] INFO  h.u.inf.darts.manager.ManagerImpl - Kezdõ játékos beállítva
20:24:45.189 [main] INFO  h.u.inf.darts.manager.ManagerImpl - Kezdõ pontszám: 501
20:24:45.189 [main] INFO  h.u.inf.darts.manager.ManagerImpl - Legek száma: 3
20:24:45.189 [main] INFO  h.u.inf.darts.manager.ManagerImpl - 1.Játékos 0-t dobott
20:24:45.189 [main] INFO  h.u.inf.darts.manager.ManagerImpl - 1.Játékos túl dobott
20:24:45.189 [main] INFO  h.u.inf.darts.manager.ManagerImpl - 2.Játékos 0-t dobott
20:24:45.189 [main] INFO  h.u.inf.darts.manager.ManagerImpl - 2.Játékos túl dobott
20:24:45.189 [main] INFO  h.u.inf.darts.manager.ManagerImpl - Új leg kezdõdött
20:24:45.189 [main] INFO  h.u.inf.darts.manager.ManagerImpl - 1.Játékos nyerte a leget
20:24:45.189 [main] INFO  h.u.inf.darts.manager.ManagerImpl - Új leg kezdõdött
20:24:45.189 [main] INFO  h.u.inf.darts.manager.ManagerImpl - 1.Játékos nyerte a leget
20:24:45.189 [main] INFO  h.u.inf.darts.manager.ManagerImpl - 2.Játékos nyert
20:24:45.189 [main] INFO  h.u.inf.darts.manager.ManagerImpl - Végeredmények beállításra kerültek
20:24:45.189 [main] INFO  h.u.inf.darts.manager.ManagerImpl - Kezdõ játékos beállítva
20:24:45.189 [main] INFO  h.u.inf.darts.manager.ManagerImpl - Kezdõ játékos beállítva
20:27:48.346 [main] INFO  h.u.inf.darts.manager.ManagerImpl - Kezdõ játékos beállítva
20:27:48.346 [main] INFO  h.u.inf.darts.manager.ManagerImpl - Kezdõ pontszám: 501
20:27:48.346 [main] INFO  h.u.inf.darts.manager.ManagerImpl - Legek száma: 3
20:27:48.346 [main] INFO  h.u.inf.darts.manager.ManagerImpl - 1.Játékos 0-t dobott
20:27:48.346 [main] INFO  h.u.inf.darts.manager.ManagerImpl - 1.Játékos túl dobott
20:27:48.346 [main] INFO  h.u.inf.darts.manager.ManagerImpl - 2.Játékos 0-t dobott
20:27:48.346 [main] INFO  h.u.inf.darts.manager.ManagerImpl - 2.Játékos túl dobott
20:27:48.346 [main] INFO  h.u.inf.darts.manager.ManagerImpl - Új leg kezdõdött
20:27:48.346 [main] INFO  h.u.inf.darts.manager.ManagerImpl - 1.Játékos nyerte a leget
20:27:48.346 [main] INFO  h.u.inf.darts.manager.ManagerImpl - Új leg kezdõdött
20:27:48.346 [main] INFO  h.u.inf.darts.manager.ManagerImpl - 1.Játékos nyerte a leget
20:27:48.346 [main] INFO  h.u.inf.darts.manager.ManagerImpl - 2.Játékos nyert
20:27:48.346 [main] INFO  h.u.inf.darts.manager.ManagerImpl - Végeredmények beállításra kerültek
20:27:48.346 [main] INFO  h.u.inf.darts.manager.ManagerImpl - Kezdõ játékos beállítva
20:27:48.362 [main] INFO  h.u.inf.darts.manager.ManagerImpl - Kezdõ játékos beállítva
20:31:40.344 [main] INFO  h.u.inf.darts.manager.ManagerImpl - Kezdõ játékos beállítva
20:31:40.350 [main] INFO  h.u.inf.darts.manager.ManagerImpl - Kezdõ pontszám: 501
20:31:40.354 [main] INFO  h.u.inf.darts.manager.ManagerImpl - Kezdõ játékos beállítva
20:31:40.354 [main] INFO  h.u.inf.darts.manager.ManagerImpl - Kezdõ játékos beállítva
20:31:40.357 [main] INFO  h.u.inf.darts.manager.ManagerImpl - Legek száma: 3
20:31:40.359 [main] INFO  h.u.inf.darts.manager.ManagerImpl - 1.Játékos 0-t dobott
20:31:40.360 [main] INFO  h.u.inf.darts.manager.ManagerImpl - 1.Játékos túl dobott
20:31:40.360 [main] INFO  h.u.inf.darts.manager.ManagerImpl - 2.Játékos 0-t dobott
20:31:40.360 [main] INFO  h.u.inf.darts.manager.ManagerImpl - 2.Játékos túl dobott
20:31:40.360 [main] INFO  h.u.inf.darts.manager.ManagerImpl - Új leg kezdõdött
20:31:40.361 [main] INFO  h.u.inf.darts.manager.ManagerImpl - 1.Játékos nyerte a leget
20:31:40.361 [main] INFO  h.u.inf.darts.manager.ManagerImpl - Új leg kezdõdött
20:31:40.361 [main] INFO  h.u.inf.darts.manager.ManagerImpl - 1.Játékos nyerte a leget
20:31:40.361 [main] INFO  h.u.inf.darts.manager.ManagerImpl - 2.Játékos nyert
20:31:40.361 [main] INFO  h.u.inf.darts.manager.ManagerImpl - Végeredmények beállításra kerültek
